{
"D:\\Documents\\GitHub\\node-bitly\\index.js":{"path":"D:\\Documents\\GitHub\\node-bitly\\index.js","s":{"1":1,"2":1,"3":1,"4":1,"5":1,"6":4,"7":4,"8":4,"9":1,"10":4,"11":4,"12":1,"13":0,"14":0,"15":0,"16":0,"17":0,"18":0,"19":0,"20":0,"21":0,"22":0,"23":0,"24":0,"25":0,"26":0,"27":0,"28":0,"29":0,"30":0,"31":0,"32":0,"33":0,"34":0,"35":1,"36":0,"37":0,"38":0,"39":1,"40":0,"41":0,"42":0,"43":0,"44":0,"45":0,"46":0,"47":0,"48":0,"49":0,"50":0,"51":1,"52":0,"53":0,"54":0,"55":0,"56":0,"57":0,"58":0,"59":1,"60":0,"61":0,"62":0,"63":0,"64":0,"65":0,"66":1,"67":0,"68":0,"69":0,"70":0,"71":0,"72":0,"73":1,"74":0,"75":0,"76":0,"77":0,"78":0,"79":0,"80":1,"81":0,"82":0,"83":0,"84":0,"85":0,"86":0,"87":1,"88":0,"89":0,"90":1,"91":0,"92":0,"93":0,"94":0,"95":0,"96":0,"97":1,"98":0,"99":0,"100":0,"101":1,"102":0,"103":0,"104":0,"105":1,"106":0,"107":0,"108":1,"109":0,"110":0,"111":0,"112":0,"113":0,"114":0,"115":0,"116":0,"117":1},"b":{"1":[0,0],"2":[0,0],"3":[0,0],"4":[0,0],"5":[0,0],"6":[0,0],"7":[0,0],"8":[0,0],"9":[0,0],"10":[0,0],"11":[0,0],"12":[0,0],"13":[0,0],"14":[0,0],"15":[0,0],"16":[0,0],"17":[0,0],"18":[0,0],"19":[0,0],"20":[0,0],"21":[0,0],"22":[0,0],"23":[0,0],"24":[0,0],"25":[0,0],"26":[0,0]},"f":{"1":4,"2":4,"3":0,"4":0,"5":0,"6":0,"7":0,"8":0,"9":0,"10":0,"11":0,"12":0,"13":0,"14":0,"15":0,"16":0,"17":0,"18":0,"19":0,"20":0,"21":0},"fnMap":{"1":{"name":"(anonymous_1)","line":21,"loc":{"start":{"line":21,"column":12},"end":{"line":21,"column":44}}},"2":{"name":"(anonymous_2)","line":43,"loc":{"start":{"line":43,"column":35},"end":{"line":43,"column":60}}},"3":{"name":"(anonymous_3)","line":64,"loc":{"start":{"line":64,"column":29},"end":{"line":64,"column":58}}},"4":{"name":"(anonymous_4)","line":73,"loc":{"start":{"line":73,"column":27},"end":{"line":73,"column":42}}},"5":{"name":"(anonymous_5)","line":77,"loc":{"start":{"line":77,"column":20},"end":{"line":77,"column":37}}},"6":{"name":"(anonymous_6)","line":80,"loc":{"start":{"line":80,"column":19},"end":{"line":80,"column":31}}},"7":{"name":"(anonymous_7)","line":98,"loc":{"start":{"line":98,"column":17},"end":{"line":98,"column":34}}},"8":{"name":"(anonymous_8)","line":115,"loc":{"start":{"line":115,"column":28},"end":{"line":115,"column":43}}},"9":{"name":"(anonymous_9)","line":127,"loc":{"start":{"line":127,"column":35},"end":{"line":127,"column":59}}},"10":{"name":"(anonymous_10)","line":156,"loc":{"start":{"line":156,"column":26},"end":{"line":156,"column":57}}},"11":{"name":"(anonymous_11)","line":180,"loc":{"start":{"line":180,"column":25},"end":{"line":180,"column":46}}},"12":{"name":"(anonymous_12)","line":202,"loc":{"start":{"line":202,"column":25},"end":{"line":202,"column":46}}},"13":{"name":"(anonymous_13)","line":224,"loc":{"start":{"line":224,"column":33},"end":{"line":224,"column":54}}},"14":{"name":"(anonymous_14)","line":247,"loc":{"start":{"line":247,"column":30},"end":{"line":247,"column":51}}},"15":{"name":"(anonymous_15)","line":269,"loc":{"start":{"line":269,"column":25},"end":{"line":269,"column":46}}},"16":{"name":"(anonymous_16)","line":285,"loc":{"start":{"line":285,"column":23},"end":{"line":285,"column":44}}},"17":{"name":"(anonymous_17)","line":309,"loc":{"start":{"line":309,"column":28},"end":{"line":309,"column":48}}},"18":{"name":"(anonymous_18)","line":327,"loc":{"start":{"line":327,"column":28},"end":{"line":327,"column":48}}},"19":{"name":"(anonymous_19)","line":344,"loc":{"start":{"line":344,"column":33},"end":{"line":344,"column":55}}},"20":{"name":"(anonymous_20)","line":365,"loc":{"start":{"line":365,"column":27},"end":{"line":365,"column":74}}},"21":{"name":"mapMetadataToValue","line":374,"loc":{"start":{"line":374,"column":27},"end":{"line":374,"column":70}}}},"statementMap":{"1":{"start":{"line":11,"column":0},"end":{"line":11,"column":21}},"2":{"start":{"line":12,"column":0},"end":{"line":12,"column":26}},"3":{"start":{"line":13,"column":0},"end":{"line":13,"column":25}},"4":{"start":{"line":14,"column":0},"end":{"line":14,"column":29}},"5":{"start":{"line":21,"column":0},"end":{"line":34,"column":2}},"6":{"start":{"line":23,"column":2},"end":{"line":28,"column":5}},"7":{"start":{"line":31,"column":2},"end":{"line":31,"column":41}},"8":{"start":{"line":33,"column":2},"end":{"line":33,"column":14}},"9":{"start":{"line":43,"column":0},"end":{"line":56,"column":2}},"10":{"start":{"line":46,"column":2},"end":{"line":48,"column":5}},"11":{"start":{"line":50,"column":2},"end":{"line":55,"column":6}},"12":{"start":{"line":64,"column":0},"end":{"line":108,"column":2}},"13":{"start":{"line":66,"column":2},"end":{"line":66,"column":15}},"14":{"start":{"line":68,"column":2},"end":{"line":70,"column":3}},"15":{"start":{"line":69,"column":4},"end":{"line":69,"column":25}},"16":{"start":{"line":73,"column":2},"end":{"line":103,"column":7}},"17":{"start":{"line":74,"column":6},"end":{"line":74,"column":20}},"18":{"start":{"line":76,"column":6},"end":{"line":96,"column":11}},"19":{"start":{"line":78,"column":10},"end":{"line":78,"column":27}},"20":{"start":{"line":81,"column":10},"end":{"line":81,"column":45}},"21":{"start":{"line":82,"column":10},"end":{"line":82,"column":21}},"22":{"start":{"line":83,"column":10},"end":{"line":87,"column":11}},"23":{"start":{"line":84,"column":12},"end":{"line":84,"column":41}},"24":{"start":{"line":86,"column":12},"end":{"line":86,"column":80}},"25":{"start":{"line":89,"column":10},"end":{"line":93,"column":11}},"26":{"start":{"line":90,"column":12},"end":{"line":90,"column":53}},"27":{"start":{"line":91,"column":12},"end":{"line":91,"column":44}},"28":{"start":{"line":92,"column":12},"end":{"line":92,"column":65}},"29":{"start":{"line":94,"column":10},"end":{"line":94,"column":72}},"30":{"start":{"line":99,"column":6},"end":{"line":101,"column":7}},"31":{"start":{"line":100,"column":8},"end":{"line":100,"column":38}},"32":{"start":{"line":102,"column":6},"end":{"line":102,"column":23}},"33":{"start":{"line":105,"column":2},"end":{"line":107,"column":3}},"34":{"start":{"line":106,"column":4},"end":{"line":106,"column":28}},"35":{"start":{"line":115,"column":0},"end":{"line":119,"column":2}},"36":{"start":{"line":116,"column":2},"end":{"line":116,"column":23}},"37":{"start":{"line":117,"column":2},"end":{"line":117,"column":70}},"38":{"start":{"line":118,"column":2},"end":{"line":118,"column":21}},"39":{"start":{"line":127,"column":0},"end":{"line":147,"column":2}},"40":{"start":{"line":128,"column":2},"end":{"line":128,"column":20}},"41":{"start":{"line":129,"column":2},"end":{"line":129,"column":16}},"42":{"start":{"line":130,"column":2},"end":{"line":130,"column":30}},"43":{"start":{"line":131,"column":2},"end":{"line":137,"column":3}},"44":{"start":{"line":132,"column":4},"end":{"line":136,"column":5}},"45":{"start":{"line":133,"column":6},"end":{"line":133,"column":30}},"46":{"start":{"line":135,"column":6},"end":{"line":135,"column":26}},"47":{"start":{"line":139,"column":2},"end":{"line":141,"column":3}},"48":{"start":{"line":140,"column":4},"end":{"line":140,"column":30}},"49":{"start":{"line":144,"column":2},"end":{"line":146,"column":3}},"50":{"start":{"line":145,"column":4},"end":{"line":145,"column":22}},"51":{"start":{"line":156,"column":0},"end":{"line":172,"column":2}},"52":{"start":{"line":157,"column":2},"end":{"line":160,"column":3}},"53":{"start":{"line":158,"column":4},"end":{"line":158,"column":16}},"54":{"start":{"line":159,"column":4},"end":{"line":159,"column":18}},"55":{"start":{"line":161,"column":2},"end":{"line":165,"column":4}},"56":{"start":{"line":167,"column":2},"end":{"line":169,"column":3}},"57":{"start":{"line":168,"column":4},"end":{"line":168,"column":26}},"58":{"start":{"line":171,"column":2},"end":{"line":171,"column":70}},"59":{"start":{"line":180,"column":0},"end":{"line":194,"column":2}},"60":{"start":{"line":181,"column":2},"end":{"line":184,"column":4}},"61":{"start":{"line":186,"column":2},"end":{"line":191,"column":3}},"62":{"start":{"line":187,"column":4},"end":{"line":187,"column":61}},"63":{"start":{"line":188,"column":4},"end":{"line":188,"column":24}},"64":{"start":{"line":190,"column":4},"end":{"line":190,"column":40}},"65":{"start":{"line":193,"column":2},"end":{"line":193,"column":69}},"66":{"start":{"line":202,"column":0},"end":{"line":216,"column":2}},"67":{"start":{"line":203,"column":2},"end":{"line":206,"column":4}},"68":{"start":{"line":208,"column":2},"end":{"line":213,"column":3}},"69":{"start":{"line":209,"column":4},"end":{"line":209,"column":61}},"70":{"start":{"line":210,"column":4},"end":{"line":210,"column":24}},"71":{"start":{"line":212,"column":4},"end":{"line":212,"column":40}},"72":{"start":{"line":215,"column":2},"end":{"line":215,"column":69}},"73":{"start":{"line":224,"column":0},"end":{"line":239,"column":2}},"74":{"start":{"line":225,"column":2},"end":{"line":228,"column":4}},"75":{"start":{"line":230,"column":2},"end":{"line":235,"column":3}},"76":{"start":{"line":231,"column":4},"end":{"line":231,"column":61}},"77":{"start":{"line":232,"column":4},"end":{"line":232,"column":24}},"78":{"start":{"line":234,"column":4},"end":{"line":234,"column":40}},"79":{"start":{"line":237,"column":2},"end":{"line":237,"column":79}},"80":{"start":{"line":247,"column":0},"end":{"line":261,"column":2}},"81":{"start":{"line":248,"column":2},"end":{"line":251,"column":4}},"82":{"start":{"line":253,"column":2},"end":{"line":258,"column":3}},"83":{"start":{"line":254,"column":4},"end":{"line":254,"column":61}},"84":{"start":{"line":255,"column":4},"end":{"line":255,"column":24}},"85":{"start":{"line":257,"column":4},"end":{"line":257,"column":40}},"86":{"start":{"line":260,"column":2},"end":{"line":260,"column":76}},"87":{"start":{"line":269,"column":0},"end":{"line":277,"column":2}},"88":{"start":{"line":270,"column":2},"end":{"line":274,"column":4}},"89":{"start":{"line":276,"column":2},"end":{"line":276,"column":69}},"90":{"start":{"line":285,"column":0},"end":{"line":299,"column":2}},"91":{"start":{"line":286,"column":2},"end":{"line":289,"column":4}},"92":{"start":{"line":291,"column":2},"end":{"line":296,"column":3}},"93":{"start":{"line":292,"column":4},"end":{"line":292,"column":61}},"94":{"start":{"line":293,"column":4},"end":{"line":293,"column":24}},"95":{"start":{"line":295,"column":4},"end":{"line":295,"column":40}},"96":{"start":{"line":298,"column":2},"end":{"line":298,"column":67}},"97":{"start":{"line":309,"column":0},"end":{"line":318,"column":2}},"98":{"start":{"line":310,"column":2},"end":{"line":313,"column":4}},"99":{"start":{"line":315,"column":2},"end":{"line":315,"column":61}},"100":{"start":{"line":317,"column":2},"end":{"line":317,"column":72}},"101":{"start":{"line":327,"column":0},"end":{"line":336,"column":2}},"102":{"start":{"line":328,"column":2},"end":{"line":331,"column":4}},"103":{"start":{"line":333,"column":2},"end":{"line":333,"column":61}},"104":{"start":{"line":335,"column":2},"end":{"line":335,"column":72}},"105":{"start":{"line":344,"column":0},"end":{"line":351,"column":2}},"106":{"start":{"line":345,"column":2},"end":{"line":348,"column":4}},"107":{"start":{"line":350,"column":2},"end":{"line":350,"column":79}},"108":{"start":{"line":365,"column":0},"end":{"line":383,"column":2}},"109":{"start":{"line":366,"column":2},"end":{"line":368,"column":4}},"110":{"start":{"line":372,"column":2},"end":{"line":380,"column":3}},"111":{"start":{"line":373,"column":4},"end":{"line":373,"column":45}},"112":{"start":{"line":374,"column":4},"end":{"line":376,"column":7}},"113":{"start":{"line":375,"column":6},"end":{"line":375,"column":38}},"114":{"start":{"line":378,"column":4},"end":{"line":378,"column":35}},"115":{"start":{"line":379,"column":4},"end":{"line":379,"column":38}},"116":{"start":{"line":382,"column":2},"end":{"line":382,"column":77}},"117":{"start":{"line":386,"column":0},"end":{"line":386,"column":23}}},"branchMap":{"1":{"line":68,"type":"if","locations":[{"start":{"line":68,"column":2},"end":{"line":68,"column":2}},{"start":{"line":68,"column":2},"end":{"line":68,"column":2}}]},"2":{"line":68,"type":"binary-expr","locations":[{"start":{"line":68,"column":6},"end":{"line":68,"column":9}},{"start":{"line":68,"column":13},"end":{"line":68,"column":38}}]},"3":{"line":89,"type":"if","locations":[{"start":{"line":89,"column":10},"end":{"line":89,"column":10}},{"start":{"line":89,"column":10},"end":{"line":89,"column":10}}]},"4":{"line":92,"type":"cond-expr","locations":[{"start":{"line":92,"column":30},"end":{"line":92,"column":52}},{"start":{"line":92,"column":55},"end":{"line":92,"column":64}}]},"5":{"line":94,"type":"cond-expr","locations":[{"start":{"line":94,"column":28},"end":{"line":94,"column":52}},{"start":{"line":94,"column":55},"end":{"line":94,"column":71}}]},"6":{"line":99,"type":"if","locations":[{"start":{"line":99,"column":6},"end":{"line":99,"column":6}},{"start":{"line":99,"column":6},"end":{"line":99,"column":6}}]},"7":{"line":105,"type":"if","locations":[{"start":{"line":105,"column":2},"end":{"line":105,"column":2}},{"start":{"line":105,"column":2},"end":{"line":105,"column":2}}]},"8":{"line":132,"type":"if","locations":[{"start":{"line":132,"column":4},"end":{"line":132,"column":4}},{"start":{"line":132,"column":4},"end":{"line":132,"column":4}}]},"9":{"line":139,"type":"if","locations":[{"start":{"line":139,"column":2},"end":{"line":139,"column":2}},{"start":{"line":139,"column":2},"end":{"line":139,"column":2},"skip":true}]},"10":{"line":144,"type":"if","locations":[{"start":{"line":144,"column":2},"end":{"line":144,"column":2}},{"start":{"line":144,"column":2},"end":{"line":144,"column":2},"skip":true}]},"11":{"line":157,"type":"if","locations":[{"start":{"line":157,"column":2},"end":{"line":157,"column":2}},{"start":{"line":157,"column":2},"end":{"line":157,"column":2}}]},"12":{"line":167,"type":"if","locations":[{"start":{"line":167,"column":2},"end":{"line":167,"column":2}},{"start":{"line":167,"column":2},"end":{"line":167,"column":2}}]},"13":{"line":186,"type":"if","locations":[{"start":{"line":186,"column":2},"end":{"line":186,"column":2}},{"start":{"line":186,"column":2},"end":{"line":186,"column":2}}]},"14":{"line":187,"type":"cond-expr","locations":[{"start":{"line":187,"column":41},"end":{"line":187,"column":51}},{"start":{"line":187,"column":54},"end":{"line":187,"column":60}}]},"15":{"line":208,"type":"if","locations":[{"start":{"line":208,"column":2},"end":{"line":208,"column":2}},{"start":{"line":208,"column":2},"end":{"line":208,"column":2}}]},"16":{"line":209,"type":"cond-expr","locations":[{"start":{"line":209,"column":41},"end":{"line":209,"column":51}},{"start":{"line":209,"column":54},"end":{"line":209,"column":60}}]},"17":{"line":230,"type":"if","locations":[{"start":{"line":230,"column":2},"end":{"line":230,"column":2}},{"start":{"line":230,"column":2},"end":{"line":230,"column":2}}]},"18":{"line":231,"type":"cond-expr","locations":[{"start":{"line":231,"column":41},"end":{"line":231,"column":51}},{"start":{"line":231,"column":54},"end":{"line":231,"column":60}}]},"19":{"line":253,"type":"if","locations":[{"start":{"line":253,"column":2},"end":{"line":253,"column":2}},{"start":{"line":253,"column":2},"end":{"line":253,"column":2}}]},"20":{"line":254,"type":"cond-expr","locations":[{"start":{"line":254,"column":41},"end":{"line":254,"column":51}},{"start":{"line":254,"column":54},"end":{"line":254,"column":60}}]},"21":{"line":291,"type":"if","locations":[{"start":{"line":291,"column":2},"end":{"line":291,"column":2}},{"start":{"line":291,"column":2},"end":{"line":291,"column":2}}]},"22":{"line":292,"type":"cond-expr","locations":[{"start":{"line":292,"column":41},"end":{"line":292,"column":51}},{"start":{"line":292,"column":54},"end":{"line":292,"column":60}}]},"23":{"line":315,"type":"cond-expr","locations":[{"start":{"line":315,"column":33},"end":{"line":315,"column":43}},{"start":{"line":315,"column":46},"end":{"line":315,"column":52}}]},"24":{"line":333,"type":"cond-expr","locations":[{"start":{"line":333,"column":33},"end":{"line":333,"column":43}},{"start":{"line":333,"column":46},"end":{"line":333,"column":52}}]},"25":{"line":372,"type":"if","locations":[{"start":{"line":372,"column":2},"end":{"line":372,"column":2}},{"start":{"line":372,"column":2},"end":{"line":372,"column":2}}]},"26":{"line":372,"type":"binary-expr","locations":[{"start":{"line":372,"column":6},"end":{"line":372,"column":35}},{"start":{"line":372,"column":39},"end":{"line":372,"column":63}}]}},"l":{"11":1,"12":1,"13":1,"14":1,"21":1,"23":4,"31":4,"33":4,"43":1,"46":4,"50":4,"64":1,"66":0,"68":0,"69":0,"73":0,"74":0,"76":0,"78":0,"81":0,"82":0,"83":0,"84":0,"86":0,"89":0,"90":0,"91":0,"92":0,"94":0,"99":0,"100":0,"102":0,"105":0,"106":0,"115":1,"116":0,"117":0,"118":0,"127":1,"128":0,"129":0,"130":0,"131":0,"132":0,"133":0,"135":0,"139":0,"140":0,"144":0,"145":0,"156":1,"157":0,"158":0,"159":0,"161":0,"167":0,"168":0,"171":0,"180":1,"181":0,"186":0,"187":0,"188":0,"190":0,"193":0,"202":1,"203":0,"208":0,"209":0,"210":0,"212":0,"215":0,"224":1,"225":0,"230":0,"231":0,"232":0,"234":0,"237":0,"247":1,"248":0,"253":0,"254":0,"255":0,"257":0,"260":0,"269":1,"270":0,"276":0,"285":1,"286":0,"291":0,"292":0,"293":0,"295":0,"298":0,"309":1,"310":0,"315":0,"317":0,"327":1,"328":0,"333":0,"335":0,"344":1,"345":0,"350":0,"365":1,"366":0,"372":0,"373":0,"374":0,"375":0,"378":0,"379":0,"382":0,"386":1}}}
