TN:
SF:D:\Documents\GitHub\node-bitly\index.js
FN:21,(anonymous_1)
FN:43,(anonymous_2)
FN:64,(anonymous_3)
FN:73,(anonymous_4)
FN:77,(anonymous_5)
FN:80,(anonymous_6)
FN:98,(anonymous_7)
FN:115,(anonymous_8)
FN:127,(anonymous_9)
FN:156,(anonymous_10)
FN:180,(anonymous_11)
FN:202,(anonymous_12)
FN:224,(anonymous_13)
FN:247,(anonymous_14)
FN:269,(anonymous_15)
FN:285,(anonymous_16)
FN:309,(anonymous_17)
FN:327,(anonymous_18)
FN:344,(anonymous_19)
FN:365,(anonymous_20)
FN:374,mapMetadataToValue
FNF:21
FNH:2
FNDA:4,(anonymous_1)
FNDA:4,(anonymous_2)
FNDA:0,(anonymous_3)
FNDA:0,(anonymous_4)
FNDA:0,(anonymous_5)
FNDA:0,(anonymous_6)
FNDA:0,(anonymous_7)
FNDA:0,(anonymous_8)
FNDA:0,(anonymous_9)
FNDA:0,(anonymous_10)
FNDA:0,(anonymous_11)
FNDA:0,(anonymous_12)
FNDA:0,(anonymous_13)
FNDA:0,(anonymous_14)
FNDA:0,(anonymous_15)
FNDA:0,(anonymous_16)
FNDA:0,(anonymous_17)
FNDA:0,(anonymous_18)
FNDA:0,(anonymous_19)
FNDA:0,(anonymous_20)
FNDA:0,mapMetadataToValue
DA:11,1
DA:12,1
DA:13,1
DA:14,1
DA:21,1
DA:23,4
DA:31,4
DA:33,4
DA:43,1
DA:46,4
DA:50,4
DA:64,1
DA:66,0
DA:68,0
DA:69,0
DA:73,0
DA:74,0
DA:76,0
DA:78,0
DA:81,0
DA:82,0
DA:83,0
DA:84,0
DA:86,0
DA:89,0
DA:90,0
DA:91,0
DA:92,0
DA:94,0
DA:99,0
DA:100,0
DA:102,0
DA:105,0
DA:106,0
DA:115,1
DA:116,0
DA:117,0
DA:118,0
DA:127,1
DA:128,0
DA:129,0
DA:130,0
DA:131,0
DA:132,0
DA:133,0
DA:135,0
DA:139,0
DA:140,0
DA:144,0
DA:145,0
DA:156,1
DA:157,0
DA:158,0
DA:159,0
DA:161,0
DA:167,0
DA:168,0
DA:171,0
DA:180,1
DA:181,0
DA:186,0
DA:187,0
DA:188,0
DA:190,0
DA:193,0
DA:202,1
DA:203,0
DA:208,0
DA:209,0
DA:210,0
DA:212,0
DA:215,0
DA:224,1
DA:225,0
DA:230,0
DA:231,0
DA:232,0
DA:234,0
DA:237,0
DA:247,1
DA:248,0
DA:253,0
DA:254,0
DA:255,0
DA:257,0
DA:260,0
DA:269,1
DA:270,0
DA:276,0
DA:285,1
DA:286,0
DA:291,0
DA:292,0
DA:293,0
DA:295,0
DA:298,0
DA:309,1
DA:310,0
DA:315,0
DA:317,0
DA:327,1
DA:328,0
DA:333,0
DA:335,0
DA:344,1
DA:345,0
DA:350,0
DA:365,1
DA:366,0
DA:372,0
DA:373,0
DA:374,0
DA:375,0
DA:378,0
DA:379,0
DA:382,0
DA:386,1
LF:117
LH:26
BRDA:68,1,0,0
BRDA:68,1,1,0
BRDA:68,2,0,0
BRDA:68,2,1,0
BRDA:89,3,0,0
BRDA:89,3,1,0
BRDA:92,4,0,0
BRDA:92,4,1,0
BRDA:94,5,0,0
BRDA:94,5,1,0
BRDA:99,6,0,0
BRDA:99,6,1,0
BRDA:105,7,0,0
BRDA:105,7,1,0
BRDA:132,8,0,0
BRDA:132,8,1,0
BRDA:139,9,0,0
BRDA:139,9,1,0
BRDA:144,10,0,0
BRDA:144,10,1,0
BRDA:157,11,0,0
BRDA:157,11,1,0
BRDA:167,12,0,0
BRDA:167,12,1,0
BRDA:186,13,0,0
BRDA:186,13,1,0
BRDA:187,14,0,0
BRDA:187,14,1,0
BRDA:208,15,0,0
BRDA:208,15,1,0
BRDA:209,16,0,0
BRDA:209,16,1,0
BRDA:230,17,0,0
BRDA:230,17,1,0
BRDA:231,18,0,0
BRDA:231,18,1,0
BRDA:253,19,0,0
BRDA:253,19,1,0
BRDA:254,20,0,0
BRDA:254,20,1,0
BRDA:291,21,0,0
BRDA:291,21,1,0
BRDA:292,22,0,0
BRDA:292,22,1,0
BRDA:315,23,0,0
BRDA:315,23,1,0
BRDA:333,24,0,0
BRDA:333,24,1,0
BRDA:372,25,0,0
BRDA:372,25,1,0
BRDA:372,26,0,0
BRDA:372,26,1,0
BRF:52
BRH:2
end_of_record
